18:07:28.858 [main] INFO  testCases.TC001_AccountRegistrationTest - Clicked on Register Account...
18:07:28.871 [main] INFO  testCases.TC001_AccountRegistrationTest - Providing User Details...
18:07:30.026 [main] INFO  testCases.TC001_AccountRegistrationTest - Validating expected message...
18:07:30.030 [main] INFO  testCases.TC001_AccountRegistrationTest - **** Finished TC001_AccountRegistrationTest ****
18:12:22.598 [TestNG-tests-1] INFO  testCases.TC001_AccountRegistrationTest - **** Starting TC001_AccountRegistrationTest ****
18:12:22.638 [TestNG-tests-2] INFO  testCases.TC001_AccountRegistrationTest - **** Starting TC001_AccountRegistrationTest ****
18:12:22.830 [TestNG-tests-2] INFO  testCases.TC001_AccountRegistrationTest - Clicked on My Account...
18:12:22.832 [TestNG-tests-1] INFO  testCases.TC001_AccountRegistrationTest - Clicked on My Account...
18:12:23.345 [TestNG-tests-1] INFO  testCases.TC001_AccountRegistrationTest - Clicked on Register Account...
18:12:23.349 [TestNG-tests-1] INFO  testCases.TC001_AccountRegistrationTest - Providing User Details...
18:12:23.405 [TestNG-tests-2] INFO  testCases.TC001_AccountRegistrationTest - Clicked on Register Account...
18:12:23.406 [TestNG-tests-2] INFO  testCases.TC001_AccountRegistrationTest - Providing User Details...
18:12:26.939 [TestNG-tests-1] INFO  testCases.TC001_AccountRegistrationTest - Validating expected message...
18:12:26.942 [TestNG-tests-1] INFO  testCases.TC001_AccountRegistrationTest - **** Finished TC001_AccountRegistrationTest ****
18:12:27.131 [TestNG-tests-2] INFO  testCases.TC001_AccountRegistrationTest - Validating expected message...
18:12:27.131 [TestNG-tests-2] INFO  testCases.TC001_AccountRegistrationTest - **** Finished TC001_AccountRegistrationTest ****
18:12:27.622 [TestNG-tests-3] INFO  testCases.TC001_AccountRegistrationTest - **** Starting TC001_AccountRegistrationTest ****
18:12:27.715 [TestNG-tests-3] INFO  testCases.TC001_AccountRegistrationTest - Clicked on My Account...
18:12:28.249 [TestNG-tests-3] INFO  testCases.TC001_AccountRegistrationTest - Clicked on Register Account...
18:12:28.249 [TestNG-tests-3] INFO  testCases.TC001_AccountRegistrationTest - Providing User Details...
18:12:30.179 [TestNG-tests-3] INFO  testCases.TC001_AccountRegistrationTest - Validating expected message...
18:12:30.179 [TestNG-tests-3] INFO  testCases.TC001_AccountRegistrationTest - **** Finished TC001_AccountRegistrationTest ****
18:25:30.026 [main] INFO  testCases.TC001_AccountRegistrationTest - **** Starting TC001_AccountRegistrationTest ****
18:25:30.150 [main] INFO  testCases.TC001_AccountRegistrationTest - Clicked on My Account...
18:25:30.523 [main] INFO  testCases.TC001_AccountRegistrationTest - Clicked on Register Account...
18:25:30.526 [main] INFO  testCases.TC001_AccountRegistrationTest - Providing User Details...
18:25:31.957 [main] INFO  testCases.TC001_AccountRegistrationTest - Validating expected message...
18:25:31.958 [main] INFO  testCases.TC001_AccountRegistrationTest - **** Finished TC001_AccountRegistrationTest ****
23:21:33.841 [main] INFO  testCases.TC002_AccountLoginTest - ****Starting TC002_AccountLoginTest*****
23:21:34.627 [main] INFO  testCases.TC002_AccountLoginTest - setting email..
23:21:35.062 [main] INFO  testCases.TC002_AccountLoginTest - setting password
23:21:35.328 [main] INFO  testCases.TC002_AccountLoginTest - clicking login
23:21:36.674 [main] INFO  testCases.TC002_AccountLoginTest - checking if logged in
23:21:36.789 [main] INFO  testCases.TC002_AccountLoginTest - ****Finished TC002_AccountLoginTest****
23:22:26.754 [main] INFO  testCases.TC002_AccountLoginTest - ****Starting TC002_AccountLoginTest*****
23:22:27.457 [main] INFO  testCases.TC002_AccountLoginTest - setting email..
23:22:27.795 [main] INFO  testCases.TC002_AccountLoginTest - setting password
23:22:28.071 [main] INFO  testCases.TC002_AccountLoginTest - clicking login
23:22:29.391 [main] INFO  testCases.TC002_AccountLoginTest - checking if logged in
23:23:48.604 [main] INFO  testCases.TC002_AccountLoginTest - ****Starting TC002_AccountLoginTest*****
23:23:49.452 [main] INFO  testCases.TC002_AccountLoginTest - setting email..
23:23:49.760 [main] INFO  testCases.TC002_AccountLoginTest - setting password
23:23:50.040 [main] INFO  testCases.TC002_AccountLoginTest - clicking login
23:23:51.206 [main] INFO  testCases.TC002_AccountLoginTest - checking if logged in
23:24:01.308 [main] INFO  testCases.TC002_AccountLoginTest - login failed..
23:28:22.514 [main] INFO  testCases.TC002_AccountLoginTest - ****Starting TC002_AccountLoginTest*****
23:28:23.599 [main] INFO  testCases.TC002_AccountLoginTest - setting email..
23:28:23.836 [main] INFO  testCases.TC002_AccountLoginTest - setting password
23:28:24.096 [main] INFO  testCases.TC002_AccountLoginTest - clicking login
23:28:24.445 [main] INFO  testCases.TC002_AccountLoginTest - checking if logged in
23:28:25.675 [main] INFO  testCases.TC002_AccountLoginTest - login success..
