23:26:07.916 [main] INFO  testCases.TC001_AccountRegistrationTest - Validating expected message...
23:26:07.926 [main] INFO  testCases.TC001_AccountRegistrationTest - **** Finished TC001_AccountRegistrationTest ****
23:26:09.598 [main] INFO  testCases.TC002_AccountLoginTest - ****Starting TC002_AccountLoginTest*****
23:26:09.906 [main] INFO  testCases.TC002_AccountLoginTest - setting email..
23:26:09.991 [main] INFO  testCases.TC002_AccountLoginTest - setting password
23:26:10.064 [main] INFO  testCases.TC002_AccountLoginTest - clicking login
23:26:10.154 [main] INFO  testCases.TC002_AccountLoginTest - checking if logged in
23:26:10.942 [main] INFO  testCases.TC002_AccountLoginTest - login success..
23:26:11.297 [main] INFO  testCases.TC002_AccountLoginTest - logged out...
23:26:11.297 [main] INFO  testCases.TC002_AccountLoginTest - ****Finished TC002_AccountLoginTest****
23:26:53.297 [main] DEBUG org.testng.TestNG - suiteXmlPath: "C:\Workspace\SeleniumWebDriver\OpenCartV101\docker_test.xml"
23:26:53.491 [main] INFO  org.testng.internal.Utils - [TestNG] Running:
  C:\Workspace\SeleniumWebDriver\OpenCartV101\docker_test.xml

23:26:59.873 [main] INFO  testCases.TC001_AccountRegistrationTest - **** Starting TC001_AccountRegistrationTest ****
23:27:00.007 [main] INFO  testCases.TC001_AccountRegistrationTest - Clicked on My Account...
23:27:00.392 [main] INFO  testCases.TC001_AccountRegistrationTest - Clicked on Register Account...
23:27:00.396 [main] INFO  testCases.TC001_AccountRegistrationTest - Providing User Details...
23:27:02.091 [main] INFO  testCases.TC001_AccountRegistrationTest - Validating expected message...
23:27:02.094 [main] INFO  testCases.TC001_AccountRegistrationTest - **** Finished TC001_AccountRegistrationTest ****
23:27:06.157 [main] INFO  testCases.TC002_AccountLoginTest - ****Starting TC002_AccountLoginTest*****
23:27:06.513 [main] INFO  testCases.TC002_AccountLoginTest - setting email..
23:27:06.557 [main] INFO  testCases.TC002_AccountLoginTest - setting password
23:27:06.587 [main] INFO  testCases.TC002_AccountLoginTest - clicking login
23:27:07.477 [main] INFO  testCases.TC002_AccountLoginTest - checking if logged in
23:27:07.513 [main] INFO  testCases.TC002_AccountLoginTest - login success..
23:27:07.881 [main] INFO  testCases.TC002_AccountLoginTest - logged out...
23:27:07.881 [main] INFO  testCases.TC002_AccountLoginTest - ****Finished TC002_AccountLoginTest****
23:28:16.112 [main] DEBUG org.testng.TestNG - suiteXmlPath: "C:\Workspace\SeleniumWebDriver\OpenCartV101\docker_test.xml"
23:28:16.316 [main] INFO  org.testng.internal.Utils - [TestNG] Running:
  C:\Workspace\SeleniumWebDriver\OpenCartV101\docker_test.xml

23:28:18.821 [main] INFO  testCases.TC001_AccountRegistrationTest - **** Starting TC001_AccountRegistrationTest ****
23:28:18.953 [main] INFO  testCases.TC001_AccountRegistrationTest - Clicked on My Account...
23:28:19.327 [main] INFO  testCases.TC001_AccountRegistrationTest - Clicked on Register Account...
23:28:19.329 [main] INFO  testCases.TC001_AccountRegistrationTest - Providing User Details...
23:28:21.054 [main] INFO  testCases.TC001_AccountRegistrationTest - Validating expected message...
23:28:21.056 [main] INFO  testCases.TC001_AccountRegistrationTest - **** Finished TC001_AccountRegistrationTest ****
23:28:22.423 [main] INFO  testCases.TC002_AccountLoginTest - ****Starting TC002_AccountLoginTest*****
23:28:22.750 [main] INFO  testCases.TC002_AccountLoginTest - setting email..
23:28:22.829 [main] INFO  testCases.TC002_AccountLoginTest - setting password
23:28:22.895 [main] INFO  testCases.TC002_AccountLoginTest - clicking login
23:28:23.715 [main] INFO  testCases.TC002_AccountLoginTest - checking if logged in
23:28:23.752 [main] INFO  testCases.TC002_AccountLoginTest - login success..
23:28:24.067 [main] INFO  testCases.TC002_AccountLoginTest - logged out...
23:28:24.068 [main] INFO  testCases.TC002_AccountLoginTest - ****Finished TC002_AccountLoginTest****
23:28:28.739 [main] INFO  testCases.TC001_AccountRegistrationTest - **** Starting TC001_AccountRegistrationTest ****
23:28:28.873 [main] INFO  testCases.TC001_AccountRegistrationTest - Clicked on My Account...
23:28:29.343 [main] INFO  testCases.TC001_AccountRegistrationTest - Clicked on Register Account...
23:28:29.344 [main] INFO  testCases.TC001_AccountRegistrationTest - Providing User Details...
23:28:30.524 [main] INFO  testCases.TC001_AccountRegistrationTest - Validating expected message...
23:28:30.524 [main] INFO  testCases.TC001_AccountRegistrationTest - **** Finished TC001_AccountRegistrationTest ****
23:28:34.090 [main] INFO  testCases.TC002_AccountLoginTest - ****Starting TC002_AccountLoginTest*****
23:28:34.455 [main] INFO  testCases.TC002_AccountLoginTest - setting email..
23:28:34.511 [main] INFO  testCases.TC002_AccountLoginTest - setting password
23:28:34.542 [main] INFO  testCases.TC002_AccountLoginTest - clicking login
23:28:35.386 [main] INFO  testCases.TC002_AccountLoginTest - checking if logged in
